d:\github-project\emptyproject\openglframework\openglframework\debug\openglwindow.obj
d:\github-project\emptyproject\openglframework\openglframework\debug\main.obj
d:\github-project\emptyproject\openglframework\openglframework\debug\scene.obj
d:\github-project\emptyproject\openglframework\openglframework\debug\resourcepool.obj
d:\github-project\emptyproject\openglframework\openglframework\debug\renderer.obj
d:\github-project\emptyproject\openglframework\openglframework\debug\pass.obj
d:\github-project\emptyproject\openglframework\openglframework\debug\objloader.obj
d:\github-project\emptyproject\openglframework\openglframework\debug\mesh.obj
d:\github-project\emptyproject\openglframework\openglframework\debug\material.obj
d:\github-project\emptyproject\openglframework\openglframework\debug\entity.obj
d:\github-project\emptyproject\openglframework\openglframework\debug\vc100.pdb
d:\github-project\emptyproject\openglframework\openglframework\generatedfiles\qrc_openglframework.cpp
d:\github-project\emptyproject\openglframework\openglframework\debug\cl.command.1.tlog
d:\github-project\emptyproject\openglframework\openglframework\debug\cl.read.1.tlog
d:\github-project\emptyproject\openglframework\openglframework\debug\cl.write.1.tlog
d:\github-project\emptyproject\openglframework\openglframework\debug\custombuild.command.1.tlog
d:\github-project\emptyproject\openglframework\openglframework\debug\custombuild.read.1.tlog
d:\github-project\emptyproject\openglframework\openglframework\debug\custombuild.write.1.tlog
d:\github-project\emptyproject\openglframework\openglframework\debug\link.command.1.tlog
d:\github-project\emptyproject\openglframework\openglframework\debug\link.read.1.tlog
d:\github-project\emptyproject\openglframework\openglframework\debug\link.write.1.tlog
d:\github-project\emptyproject\openglframework\openglframework\debug\openglframework.exe.intermediate.manifest
d:\github-project\emptyproject\openglframework\win32\debug\openglframework.pdb
